This file contains any messages produced by compilers while
running configure, to aid debugging if configure makes a mistake.

It was created by rnnoise configure unknown, which was
generated by GNU Autoconf 2.71.  Invocation command line was

  $ ./configure --no-create --no-recursion

## --------- ##
## Platform. ##
## --------- ##

hostname = kotech
uname -m = x86_64
uname -r = 5.4.0-73-generic
uname -s = Linux
uname -v = #82~18.04.1-Ubuntu SMP Fri Apr 16 15:10:02 UTC 2021

/usr/bin/uname -p = unknown
/bin/uname -X     = unknown

/bin/arch              = unknown
/usr/bin/arch -k       = unknown
/usr/convex/getsysinfo = unknown
/usr/bin/hostinfo      = unknown
/bin/machine           = unknown
/usr/bin/oslevel       = unknown
/bin/universe          = unknown

PATH: /home/jaewon/work/jupyter9102-test/venv379/bin/
PATH: /home/jaewon/.pyenv/shims/
PATH: /home/jaewon/.pyenv/bin/
PATH: /usr/local/cuda-11.1/bin/
PATH: /home/jaewon/work/jupyter9102-test/venv379/bin/
PATH: /home/jaewon/.pyenv/shims/
PATH: /home/jaewon/.pyenv/bin/
PATH: /usr/local/cuda-11.1/bin/
PATH: /home/linuxbrew/.linuxbrew/bin/
PATH: /home/linuxbrew/.linuxbrew/sbin/
PATH: /usr/local/sbin/
PATH: /usr/local/bin/
PATH: /usr/sbin/
PATH: /usr/bin/
PATH: /sbin/
PATH: /bin/
PATH: /usr/games/
PATH: /usr/local/games/
PATH: /snap/bin/


## ----------- ##
## Core tests. ##
## ----------- ##

configure:2381: looking for aux files: config.guess config.sub ltmain.sh missing install-sh compile
configure:2394:  trying ./
configure:2423:   ./config.guess found
configure:2423:   ./config.sub found
configure:2423:   ./ltmain.sh found
configure:2423:   ./missing found
configure:2405:   ./install-sh found
configure:2423:   ./compile found
configure:2604: checking for gcc
configure:2625: found /usr/bin/gcc
configure:2636: result: gcc
configure:2989: checking for C compiler version
configure:2998: gcc --version >&5
gcc (Ubuntu 7.5.0-3ubuntu1~18.04) 7.5.0
Copyright (C) 2017 Free Software Foundation, Inc.
This is free software; see the source for copying conditions.  There is NO
warranty; not even for MERCHANTABILITY or FITNESS FOR A PARTICULAR PURPOSE.

configure:3009: $? = 0
configure:2998: gcc -v >&5
Using built-in specs.
COLLECT_GCC=gcc
COLLECT_LTO_WRAPPER=/usr/lib/gcc/x86_64-linux-gnu/7/lto-wrapper
OFFLOAD_TARGET_NAMES=nvptx-none
OFFLOAD_TARGET_DEFAULT=1
Target: x86_64-linux-gnu
Configured with: ../src/configure -v --with-pkgversion='Ubuntu 7.5.0-3ubuntu1~18.04' --with-bugurl=file:///usr/share/doc/gcc-7/README.Bugs --enable-languages=c,ada,c++,go,brig,d,fortran,objc,obj-c++ --prefix=/usr --with-gcc-major-version-only --program-suffix=-7 --program-prefix=x86_64-linux-gnu- --enable-shared --enable-linker-build-id --libexecdir=/usr/lib --without-included-gettext --enable-threads=posix --libdir=/usr/lib --enable-nls --enable-bootstrap --enable-clocale=gnu --enable-libstdcxx-debug --enable-libstdcxx-time=yes --with-default-libstdcxx-abi=new --enable-gnu-unique-object --disable-vtable-verify --enable-libmpx --enable-plugin --enable-default-pie --with-system-zlib --with-target-system-zlib --enable-objc-gc=auto --enable-multiarch --disable-werror --with-arch-32=i686 --with-abi=m64 --with-multilib-list=m32,m64,mx32 --enable-multilib --with-tune=generic --enable-offload-targets=nvptx-none --without-cuda-driver --enable-checking=release --build=x86_64-linux-gnu --host=x86_64-linux-gnu --target=x86_64-linux-gnu
Thread model: posix
gcc version 7.5.0 (Ubuntu 7.5.0-3ubuntu1~18.04) 
configure:3009: $? = 0
configure:2998: gcc -V >&5
gcc: error: unrecognized command line option '-V'
gcc: fatal error: no input files
compilation terminated.
configure:3009: $? = 1
configure:2998: gcc -qversion >&5
gcc: error: unrecognized command line option '-qversion'; did you mean '--version'?
gcc: fatal error: no input files
compilation terminated.
configure:3009: $? = 1
configure:2998: gcc -version >&5
gcc: error: unrecognized command line option '-version'
gcc: fatal error: no input files
compilation terminated.
configure:3009: $? = 1
configure:3029: checking whether the C compiler works
configure:3051: gcc    conftest.c  >&5
configure:3055: $? = 0
configure:3105: result: yes
configure:3108: checking for C compiler default output file name
configure:3110: result: a.out
configure:3116: checking for suffix of executables
configure:3123: gcc -o conftest    conftest.c  >&5
configure:3127: $? = 0
configure:3150: result: 
configure:3172: checking whether we are cross compiling
configure:3180: gcc -o conftest    conftest.c  >&5
configure:3184: $? = 0
configure:3191: ./conftest
configure:3195: $? = 0
configure:3210: result: no
configure:3215: checking for suffix of object files
configure:3238: gcc -c   conftest.c >&5
configure:3242: $? = 0
configure:3264: result: o
configure:3268: checking whether the compiler supports GNU C
configure:3288: gcc -c   conftest.c >&5
configure:3288: $? = 0
configure:3298: result: yes
configure:3309: checking whether gcc accepts -g
configure:3330: gcc -c -g  conftest.c >&5
configure:3330: $? = 0
configure:3374: result: yes
configure:3394: checking for gcc option to enable C11 features
configure:3409: gcc  -c -g -O2  conftest.c >&5
configure:3409: $? = 0
configure:3427: result: none needed
configure:3543: checking whether gcc understands -c and -o together
configure:3566: gcc -c conftest.c -o conftest2.o
configure:3569: $? = 0
configure:3566: gcc -c conftest.c -o conftest2.o
configure:3569: $? = 0
configure:3581: result: yes
configure:3603: checking for stdio.h
configure:3603: gcc -c -g -O2  conftest.c >&5
configure:3603: $? = 0
configure:3603: result: yes
configure:3603: checking for stdlib.h
configure:3603: gcc -c -g -O2  conftest.c >&5
configure:3603: $? = 0
configure:3603: result: yes
configure:3603: checking for string.h
configure:3603: gcc -c -g -O2  conftest.c >&5
configure:3603: $? = 0
configure:3603: result: yes
configure:3603: checking for inttypes.h
configure:3603: gcc -c -g -O2  conftest.c >&5
configure:3603: $? = 0
configure:3603: result: yes
configure:3603: checking for stdint.h
configure:3603: gcc -c -g -O2  conftest.c >&5
configure:3603: $? = 0
configure:3603: result: yes
configure:3603: checking for strings.h
configure:3603: gcc -c -g -O2  conftest.c >&5
configure:3603: $? = 0
configure:3603: result: yes
configure:3603: checking for sys/stat.h
configure:3603: gcc -c -g -O2  conftest.c >&5
configure:3603: $? = 0
configure:3603: result: yes
configure:3603: checking for sys/types.h
configure:3603: gcc -c -g -O2  conftest.c >&5
configure:3603: $? = 0
configure:3603: result: yes
configure:3603: checking for unistd.h
configure:3603: gcc -c -g -O2  conftest.c >&5
configure:3603: $? = 0
configure:3603: result: yes
configure:3603: checking for wchar.h
configure:3603: gcc -c -g -O2  conftest.c >&5
configure:3603: $? = 0
configure:3603: result: yes
configure:3603: checking for minix/config.h
configure:3603: gcc -c -g -O2  conftest.c >&5
conftest.c:47:10: fatal error: minix/config.h: No such file or directory
 #include <minix/config.h>
          ^~~~~~~~~~~~~~~~
compilation terminated.
configure:3603: $? = 1
configure: failed program was:
| /* confdefs.h */
| #define PACKAGE_NAME "rnnoise"
| #define PACKAGE_TARNAME "rnnoise"
| #define PACKAGE_VERSION "unknown"
| #define PACKAGE_STRING "rnnoise unknown"
| #define PACKAGE_BUGREPORT "jmvalin@jmvalin.ca"
| #define PACKAGE_URL ""
| #define HAVE_STDIO_H 1
| #define HAVE_STDLIB_H 1
| #define HAVE_STRING_H 1
| #define HAVE_INTTYPES_H 1
| #define HAVE_STDINT_H 1
| #define HAVE_STRINGS_H 1
| #define HAVE_SYS_STAT_H 1
| #define HAVE_SYS_TYPES_H 1
| #define HAVE_UNISTD_H 1
| #define HAVE_WCHAR_H 1
| /* end confdefs.h.  */
| #include <stddef.h>
| #ifdef HAVE_STDIO_H
| # include <stdio.h>
| #endif
| #ifdef HAVE_STDLIB_H
| # include <stdlib.h>
| #endif
| #ifdef HAVE_STRING_H
| # include <string.h>
| #endif
| #ifdef HAVE_INTTYPES_H
| # include <inttypes.h>
| #endif
| #ifdef HAVE_STDINT_H
| # include <stdint.h>
| #endif
| #ifdef HAVE_STRINGS_H
| # include <strings.h>
| #endif
| #ifdef HAVE_SYS_TYPES_H
| # include <sys/types.h>
| #endif
| #ifdef HAVE_SYS_STAT_H
| # include <sys/stat.h>
| #endif
| #ifdef HAVE_UNISTD_H
| # include <unistd.h>
| #endif
| #include <minix/config.h>
configure:3603: result: no
configure:3634: checking whether it is safe to define __EXTENSIONS__
configure:3653: gcc -c -g -O2  conftest.c >&5
configure:3653: $? = 0
configure:3661: result: yes
configure:3664: checking whether _XOPEN_SOURCE should be defined
configure:3686: gcc -c -g -O2  conftest.c >&5
configure:3686: $? = 0
configure:3713: result: no
configure:3777: checking for special C compiler options needed for large files
configure:3825: result: no
configure:3831: checking for _FILE_OFFSET_BITS value needed for large files
configure:3857: gcc -c -g -O2  conftest.c >&5
configure:3857: $? = 0
configure:3891: result: no
configure:3991: checking for a BSD-compatible install
configure:4064: result: /usr/bin/install -c
configure:4075: checking whether build environment is sane
configure:4130: result: yes
configure:4290: checking for a race-free mkdir -p
configure:4334: result: /bin/mkdir -p
configure:4341: checking for gawk
configure:4376: result: no
configure:4341: checking for mawk
configure:4362: found /usr/bin/mawk
configure:4373: result: mawk
configure:4384: checking whether make sets $(MAKE)
configure:4407: result: yes
configure:4437: checking for style of include used by make
configure:4465: result: GNU
configure:4501: checking whether make supports nested variables
configure:4519: result: yes
configure:4595: checking dependency style of gcc
configure:4707: result: gcc3
configure:4766: checking whether to enable maintainer-specific portions of Makefiles
configure:4776: result: yes
configure:4790: checking for inline
configure:4807: gcc -c -g -O2  conftest.c >&5
configure:4807: $? = 0
configure:4816: result: inline
configure:4867: checking build system type
configure:4882: result: x86_64-pc-linux-gnu
configure:4902: checking host system type
configure:4916: result: x86_64-pc-linux-gnu
configure:4957: checking how to print strings
configure:4984: result: printf
configure:5005: checking for a sed that does not truncate output
configure:5075: result: /bin/sed
configure:5093: checking for grep that handles long lines and -e
configure:5157: result: /bin/grep
configure:5162: checking for egrep
configure:5230: result: /bin/grep -E
configure:5235: checking for fgrep
configure:5303: result: /bin/grep -F
configure:5339: checking for ld used by gcc
configure:5407: result: /home/linuxbrew/.linuxbrew/bin/ld
configure:5414: checking if the linker (/home/linuxbrew/.linuxbrew/bin/ld) is GNU ld
configure:5430: result: yes
configure:5442: checking for BSD- or MS-compatible name lister (nm)
configure:5497: result: /home/linuxbrew/.linuxbrew/bin/nm -B
configure:5637: checking the name lister (/home/linuxbrew/.linuxbrew/bin/nm -B) interface
configure:5645: gcc -c -g -O2  conftest.c >&5
configure:5648: /home/linuxbrew/.linuxbrew/bin/nm -B "conftest.o"
configure:5651: output
0000000000000000 B some_variable
configure:5658: result: BSD nm
configure:5661: checking whether ln -s works
configure:5665: result: yes
configure:5673: checking the maximum length of command line arguments
configure:5805: result: 1572864
configure:5853: checking how to convert x86_64-pc-linux-gnu file names to x86_64-pc-linux-gnu format
configure:5894: result: func_convert_file_noop
configure:5901: checking how to convert x86_64-pc-linux-gnu file names to toolchain format
configure:5922: result: func_convert_file_noop
configure:5929: checking for /home/linuxbrew/.linuxbrew/bin/ld option to reload object files
configure:5937: result: -r
configure:6016: checking for objdump
configure:6037: found /home/linuxbrew/.linuxbrew/bin/objdump
configure:6048: result: objdump
configure:6080: checking how to recognize dependent libraries
configure:6281: result: pass_all
configure:6371: checking for dlltool
configure:6392: found /home/linuxbrew/.linuxbrew/bin/dlltool
configure:6403: result: dlltool
configure:6436: checking how to associate runtime and link libraries
configure:6464: result: printf %s\n
configure:6529: checking for ar
configure:6550: found /home/linuxbrew/.linuxbrew/bin/ar
configure:6561: result: ar
configure:6598: checking for archiver @FILE support
configure:6616: gcc -c -g -O2  conftest.c >&5
configure:6616: $? = 0
configure:6620: ar cru libconftest.a @conftest.lst >&5
ar: `u' modifier ignored since `D' is the default (see `U')
configure:6623: $? = 0
configure:6628: ar cru libconftest.a @conftest.lst >&5
ar: `u' modifier ignored since `D' is the default (see `U')
ar: conftest.o: No such file or directory
configure:6631: $? = 1
configure:6643: result: @
configure:6706: checking for strip
configure:6727: found /home/linuxbrew/.linuxbrew/bin/strip
configure:6738: result: strip
configure:6815: checking for ranlib
configure:6836: found /home/linuxbrew/.linuxbrew/bin/ranlib
configure:6847: result: ranlib
configure:6949: checking command to parse /home/linuxbrew/.linuxbrew/bin/nm -B output from gcc object
configure:7103: gcc -c -g -O2  conftest.c >&5
configure:7106: $? = 0
configure:7110: /home/linuxbrew/.linuxbrew/bin/nm -B conftest.o \| sed -n -e 's/^.*[ ]\([ABCDGIRSTW][ABCDGIRSTW]*\)[ ][ ]*\([_A-Za-z][_A-Za-z0-9]*\)$/\1 \2 \2/p' | sed '/ __gnu_lto/d' \> conftest.nm
configure:7113: $? = 0
configure:7179: gcc -o conftest -g -O2   conftest.c conftstm.o >&5
configure:7182: $? = 0
configure:7220: result: ok
configure:7267: checking for sysroot
configure:7298: result: no
configure:7305: checking for a working dd
configure:7349: result: /bin/dd
configure:7353: checking how to truncate binary pipes
configure:7369: result: /bin/dd bs=4096 count=1
configure:7506: gcc -c -g -O2  conftest.c >&5
configure:7509: $? = 0
configure:7706: checking for mt
configure:7727: found /bin/mt
configure:7738: result: mt
configure:7761: checking if mt is a manifest tool
configure:7768: mt '-?'
configure:7776: result: no
configure:8497: checking for dlfcn.h
configure:8497: gcc -c -g -O2  conftest.c >&5
configure:8497: $? = 0
configure:8497: result: yes
configure:8756: checking for objdir
configure:8772: result: .libs
configure:9036: checking if gcc supports -fno-rtti -fno-exceptions
configure:9055: gcc -c -g -O2  -fno-rtti -fno-exceptions conftest.c >&5
cc1: warning: command line option '-fno-rtti' is valid for C++/ObjC++ but not for C
configure:9059: $? = 0
configure:9072: result: no
configure:9430: checking for gcc option to produce PIC
configure:9438: result: -fPIC -DPIC
configure:9446: checking if gcc PIC flag -fPIC -DPIC works
configure:9465: gcc -c -g -O2  -fPIC -DPIC -DPIC conftest.c >&5
configure:9469: $? = 0
configure:9482: result: yes
configure:9511: checking if gcc static flag -static works
configure:9540: result: yes
configure:9555: checking if gcc supports -c -o file.o
configure:9577: gcc -c -g -O2  -o out/conftest2.o conftest.c >&5
configure:9581: $? = 0
configure:9603: result: yes
configure:9611: checking if gcc supports -c -o file.o
configure:9659: result: yes
configure:9692: checking whether the gcc linker (/home/linuxbrew/.linuxbrew/bin/ld -m elf_x86_64) supports shared libraries
configure:10958: result: yes
configure:10995: checking whether -lc should be explicitly linked in
configure:11004: gcc -c -g -O2  conftest.c >&5
configure:11007: $? = 0
configure:11022: gcc -shared  -fPIC -DPIC conftest.o  -v -Wl,-soname -Wl,conftest -o conftest 2\>\&1 \| /bin/grep  -lc  \>/dev/null 2\>\&1
configure:11025: $? = 0
configure:11039: result: no
configure:11199: checking dynamic linker characteristics
configure:11781: gcc -o conftest -g -O2   -Wl,-rpath -Wl,/foo conftest.c  >&5
configure:11781: $? = 0
configure:12020: result: GNU/Linux ld.so
configure:12142: checking how to hardcode library paths into programs
configure:12167: result: immediate
configure:12719: checking whether stripping libraries is possible
configure:12724: result: yes
configure:12759: checking if libtool supports shared libraries
configure:12761: result: yes
configure:12764: checking whether to build shared libraries
configure:12789: result: yes
configure:12792: checking whether to build static libraries
configure:12796: result: yes
configure:12846: checking whether make supports nested variables
configure:12864: result: yes
configure:12892: checking if gcc supports -pedantic flag
configure:12909: gcc -o conftest -g -O2 -pedantic   conftest.c  >&5
configure:12909: $? = 0
configure:12929: result: yes
configure:12892: checking if gcc supports -Wall flag
configure:12909: gcc -o conftest -g -O2 -pedantic -Wall   conftest.c  >&5
configure:12909: $? = 0
configure:12929: result: yes
configure:12892: checking if gcc supports -Wextra flag
configure:12909: gcc -o conftest -g -O2 -pedantic -Wall -Wextra   conftest.c  >&5
configure:12909: $? = 0
configure:12929: result: yes
configure:12892: checking if gcc supports -Wno-sign-compare flag
configure:12909: gcc -o conftest -g -O2 -pedantic -Wall -Wextra -Wno-sign-compare   conftest.c  >&5
configure:12909: $? = 0
configure:12929: result: yes
configure:12892: checking if gcc supports -Wno-parentheses flag
configure:12909: gcc -o conftest -g -O2 -pedantic -Wall -Wextra -Wno-sign-compare -Wno-parentheses   conftest.c  >&5
configure:12909: $? = 0
configure:12929: result: yes
configure:12892: checking if gcc supports -Wno-long-long flag
configure:12909: gcc -o conftest -g -O2 -pedantic -Wall -Wextra -Wno-sign-compare -Wno-parentheses -Wno-long-long   conftest.c  >&5
configure:12909: $? = 0
configure:12929: result: yes
configure:13145: checking for cos in -lm
configure:13168: gcc -o conftest -g -O2 -pedantic -Wall -Wextra -Wno-sign-compare -Wno-parentheses -Wno-long-long   conftest.c -lm   >&5
conftest.c:43:6: warning: conflicting types for built-in function 'cos' [-Wbuiltin-declaration-mismatch]
 char cos ();
      ^~~
configure:13168: $? = 0
configure:13178: result: yes
configure:13193: checking for gcc way to treat warnings as errors
configure:13210: gcc -o conftest -g -O2 -pedantic -Wall -Wextra -Wno-sign-compare -Wno-parentheses -Wno-long-long -Werror   conftest.c  >&5
configure:13210: $? = 0
configure:13260: result: -Werror
configure:13266: checking if gcc supports __attribute__(( visibility("default") ))
configure:13278: gcc -c -g -O2 -pedantic -Wall -Wextra -Wno-sign-compare -Wno-parentheses -Wno-long-long -Werror  conftest.c >&5
configure:13278: $? = 0
configure:13288: result: yes
configure:13299: checking if gcc supports -fvisibility=hidden
configure:13318: gcc -o conftest -g -O2 -pedantic -Wall -Wextra -Wno-sign-compare -Wno-parentheses -Wno-long-long -Werror -fvisibility=hidden   conftest.c  >&5
configure:13318: $? = 0
configure:13340: result: yes
configure:13371: checking for doxygen
configure:13404: result: no
configure:13414: checking for dot
configure:13447: result: no
configure:13584: checking that generated files are newer than configure
configure:13590: result: done
configure:13629: creating ./config.status
configure:15772:
------------------------------------------------------------------------
  rnnoise unknown: Automatic configuration OK.

    Assertions ................... no

    Hidden visibility ............ yes

    API code examples ............ yes
    API documentation ............ yes
------------------------------------------------------------------------


## ---------------- ##
## Cache variables. ##
## ---------------- ##

ac_cv_build=x86_64-pc-linux-gnu
ac_cv_c_compiler_gnu=yes
ac_cv_c_inline=inline
ac_cv_env_CC_set=
ac_cv_env_CC_value=
ac_cv_env_CFLAGS_set=
ac_cv_env_CFLAGS_value=
ac_cv_env_CPPFLAGS_set=
ac_cv_env_CPPFLAGS_value=
ac_cv_env_LDFLAGS_set=
ac_cv_env_LDFLAGS_value=
ac_cv_env_LIBS_set=
ac_cv_env_LIBS_value=
ac_cv_env_LT_SYS_LIBRARY_PATH_set=
ac_cv_env_LT_SYS_LIBRARY_PATH_value=
ac_cv_env_build_alias_set=
ac_cv_env_build_alias_value=
ac_cv_env_host_alias_set=
ac_cv_env_host_alias_value=
ac_cv_env_target_alias_set=
ac_cv_env_target_alias_value=
ac_cv_header_dlfcn_h=yes
ac_cv_header_inttypes_h=yes
ac_cv_header_minix_config_h=no
ac_cv_header_stdint_h=yes
ac_cv_header_stdio_h=yes
ac_cv_header_stdlib_h=yes
ac_cv_header_string_h=yes
ac_cv_header_strings_h=yes
ac_cv_header_sys_stat_h=yes
ac_cv_header_sys_types_h=yes
ac_cv_header_unistd_h=yes
ac_cv_header_wchar_h=yes
ac_cv_host=x86_64-pc-linux-gnu
ac_cv_lib_m_cos=yes
ac_cv_objext=o
ac_cv_path_EGREP='/bin/grep -E'
ac_cv_path_FGREP='/bin/grep -F'
ac_cv_path_GREP=/bin/grep
ac_cv_path_SED=/bin/sed
ac_cv_path_install='/usr/bin/install -c'
ac_cv_path_lt_DD=/bin/dd
ac_cv_path_mkdir=/bin/mkdir
ac_cv_prog_AWK=mawk
ac_cv_prog_HAVE_DOT=no
ac_cv_prog_HAVE_DOXYGEN=no
ac_cv_prog_ac_ct_AR=ar
ac_cv_prog_ac_ct_CC=gcc
ac_cv_prog_ac_ct_DLLTOOL=dlltool
ac_cv_prog_ac_ct_MANIFEST_TOOL=mt
ac_cv_prog_ac_ct_OBJDUMP=objdump
ac_cv_prog_ac_ct_RANLIB=ranlib
ac_cv_prog_ac_ct_STRIP=strip
ac_cv_prog_cc_c11=
ac_cv_prog_cc_g=yes
ac_cv_prog_cc_stdc=
ac_cv_prog_make_make_set=yes
ac_cv_safe_to_define___extensions__=yes
ac_cv_should_define__xopen_source=no
ac_cv_sys_file_offset_bits=no
ac_cv_sys_largefile_CC=no
am_cv_CC_dependencies_compiler_type=gcc3
am_cv_make_support_nested_variables=yes
am_cv_prog_cc_c_o=yes
cc_cv_attribute_visibility_default=yes
cc_cv_cflags__Wall=yes
cc_cv_cflags__Werror=yes
cc_cv_cflags__Wextra=yes
cc_cv_cflags__Wno_long_long=yes
cc_cv_cflags__Wno_parentheses=yes
cc_cv_cflags__Wno_sign_compare=yes
cc_cv_cflags__fvisibility_hidden=yes
cc_cv_cflags__pedantic=yes
cc_cv_flag_visibility=yes
cc_cv_werror=-Werror
lt_cv_ar_at_file=@
lt_cv_archive_cmds_need_lc=no
lt_cv_deplibs_check_method=pass_all
lt_cv_file_magic_cmd='$MAGIC_CMD'
lt_cv_file_magic_test_file=
lt_cv_ld_reload_flag=-r
lt_cv_nm_interface='BSD nm'
lt_cv_objdir=.libs
lt_cv_path_LD=/home/linuxbrew/.linuxbrew/bin/ld
lt_cv_path_NM='/home/linuxbrew/.linuxbrew/bin/nm -B'
lt_cv_path_mainfest_tool=no
lt_cv_prog_compiler_c_o=yes
lt_cv_prog_compiler_pic='-fPIC -DPIC'
lt_cv_prog_compiler_pic_works=yes
lt_cv_prog_compiler_rtti_exceptions=no
lt_cv_prog_compiler_static_works=yes
lt_cv_prog_gnu_ld=yes
lt_cv_sharedlib_from_linklib_cmd='printf %s\n'
lt_cv_shlibpath_overrides_runpath=no
lt_cv_sys_global_symbol_pipe='sed -n -e '\''s/^.*[	 ]\([ABCDGIRSTW][ABCDGIRSTW]*\)[	 ][	 ]*\([_A-Za-z][_A-Za-z0-9]*\)$/\1 \2 \2/p'\'' | sed '\''/ __gnu_lto/d'\'''
lt_cv_sys_global_symbol_to_c_name_address='sed -n -e '\''s/^: \(.*\) .*$/  {"\1", (void *) 0},/p'\'' -e '\''s/^[ABCDGIRSTW][ABCDGIRSTW]* .* \(.*\)$/  {"\1", (void *) \&\1},/p'\'''
lt_cv_sys_global_symbol_to_c_name_address_lib_prefix='sed -n -e '\''s/^: \(.*\) .*$/  {"\1", (void *) 0},/p'\'' -e '\''s/^[ABCDGIRSTW][ABCDGIRSTW]* .* \(lib.*\)$/  {"\1", (void *) \&\1},/p'\'' -e '\''s/^[ABCDGIRSTW][ABCDGIRSTW]* .* \(.*\)$/  {"lib\1", (void *) \&\1},/p'\'''
lt_cv_sys_global_symbol_to_cdecl='sed -n -e '\''s/^T .* \(.*\)$/extern int \1();/p'\'' -e '\''s/^[ABCDGIRSTW][ABCDGIRSTW]* .* \(.*\)$/extern char \1;/p'\'''
lt_cv_sys_global_symbol_to_import=
lt_cv_sys_max_cmd_len=1572864
lt_cv_to_host_file_cmd=func_convert_file_noop
lt_cv_to_tool_file_cmd=func_convert_file_noop
lt_cv_truncate_bin='/bin/dd bs=4096 count=1'

## ----------------- ##
## Output variables. ##
## ----------------- ##

ACLOCAL='${SHELL} /home/jaewon/work/jupyter9102-test/dns/rnnoise/missing aclocal-1.15'
AMDEPBACKSLASH='\'
AMDEP_FALSE='#'
AMDEP_TRUE=''
AMTAR='$${TAR-tar}'
AM_BACKSLASH='\'
AM_DEFAULT_V='$(AM_DEFAULT_VERBOSITY)'
AM_DEFAULT_VERBOSITY='0'
AM_V='$(V)'
AR='ar'
AUTOCONF='${SHELL} /home/jaewon/work/jupyter9102-test/dns/rnnoise/missing autoconf'
AUTOHEADER='${SHELL} /home/jaewon/work/jupyter9102-test/dns/rnnoise/missing autoheader'
AUTOMAKE='${SHELL} /home/jaewon/work/jupyter9102-test/dns/rnnoise/missing automake-1.15'
AWK='mawk'
CC='gcc'
CCDEPMODE='depmode=gcc3'
CFLAGS='-g -O2 -pedantic -Wall -Wextra -Wno-sign-compare -Wno-parentheses -Wno-long-long -fvisibility=hidden'
CPPFLAGS=''
CYGPATH_W='echo'
DEFS='-DHAVE_CONFIG_H'
DEPDIR='.deps'
DLLTOOL='dlltool'
DSYMUTIL=''
DUMPBIN=''
ECHO_C=''
ECHO_N='-n'
ECHO_T=''
EGREP='/bin/grep -E'
EXEEXT=''
FGREP='/bin/grep -F'
GREP='/bin/grep'
HAVE_DOT='no'
HAVE_DOXYGEN='no'
HAVE_DOXYGEN_FALSE=''
HAVE_DOXYGEN_TRUE='#'
INSTALL_DATA='${INSTALL} -m 644'
INSTALL_PROGRAM='${INSTALL}'
INSTALL_SCRIPT='${INSTALL}'
INSTALL_STRIP_PROGRAM='$(install_sh) -c -s'
LD='/home/linuxbrew/.linuxbrew/bin/ld -m elf_x86_64'
LDFLAGS=''
LIBM='-lm'
LIBOBJS=''
LIBS=''
LIBTOOL='$(SHELL) $(top_builddir)/libtool'
LIPO=''
LN_S='ln -s'
LTLIBOBJS=''
LT_SYS_LIBRARY_PATH=''
MAINT=''
MAINTAINER_MODE_FALSE='#'
MAINTAINER_MODE_TRUE=''
MAKEINFO='${SHELL} /home/jaewon/work/jupyter9102-test/dns/rnnoise/missing makeinfo'
MANIFEST_TOOL=':'
MKDIR_P='/bin/mkdir -p'
NM='/home/linuxbrew/.linuxbrew/bin/nm -B'
NMEDIT=''
OBJDUMP='objdump'
OBJEXT='o'
OP_ENABLE_EXAMPLES_FALSE='#'
OP_ENABLE_EXAMPLES_TRUE=''
OP_LT_AGE='4'
OP_LT_CURRENT='4'
OP_LT_REVISION='1'
OP_WIN32_FALSE=''
OP_WIN32_TRUE='#'
OTOOL64=''
OTOOL=''
PACKAGE='rnnoise'
PACKAGE_BUGREPORT='jmvalin@jmvalin.ca'
PACKAGE_NAME='rnnoise'
PACKAGE_STRING='rnnoise unknown'
PACKAGE_TARNAME='rnnoise'
PACKAGE_URL=''
PACKAGE_VERSION='unknown'
PATH_SEPARATOR=':'
RANLIB='ranlib'
SED='/bin/sed'
SET_MAKE=''
SHELL='/bin/bash'
STRIP='strip'
VERSION='unknown'
ac_ct_AR='ar'
ac_ct_CC='gcc'
ac_ct_DUMPBIN=''
am__EXEEXT_FALSE=''
am__EXEEXT_TRUE='#'
am__fastdepCC_FALSE='#'
am__fastdepCC_TRUE=''
am__include='include'
am__isrc=''
am__leading_dot='.'
am__nodep='_no'
am__quote=''
am__tar='$${TAR-tar} chof - "$$tardir"'
am__untar='$${TAR-tar} xf -'
bindir='${exec_prefix}/bin'
build='x86_64-pc-linux-gnu'
build_alias=''
build_cpu='x86_64'
build_os='linux-gnu'
build_vendor='pc'
datadir='${datarootdir}'
datarootdir='${prefix}/share'
docdir='${datarootdir}/doc/${PACKAGE_TARNAME}'
dvidir='${docdir}'
exec_prefix='${prefix}'
host='x86_64-pc-linux-gnu'
host_alias=''
host_cpu='x86_64'
host_os='linux-gnu'
host_vendor='pc'
htmldir='${docdir}'
includedir='${prefix}/include'
infodir='${datarootdir}/info'
install_sh='${SHELL} /home/jaewon/work/jupyter9102-test/dns/rnnoise/install-sh'
libdir='${exec_prefix}/lib'
libexecdir='${exec_prefix}/libexec'
localedir='${datarootdir}/locale'
localstatedir='${prefix}/var'
lrintf_lib=''
mandir='${datarootdir}/man'
mkdir_p='$(MKDIR_P)'
oldincludedir='/usr/include'
pdfdir='${docdir}'
prefix='/usr/local'
program_transform_name='s,x,x,'
psdir='${docdir}'
runstatedir='${localstatedir}/run'
sbindir='${exec_prefix}/sbin'
sharedstatedir='${prefix}/com'
sysconfdir='${prefix}/etc'
target_alias=''

## ----------- ##
## confdefs.h. ##
## ----------- ##

/* confdefs.h */
#define PACKAGE_NAME "rnnoise"
#define PACKAGE_TARNAME "rnnoise"
#define PACKAGE_VERSION "unknown"
#define PACKAGE_STRING "rnnoise unknown"
#define PACKAGE_BUGREPORT "jmvalin@jmvalin.ca"
#define PACKAGE_URL ""
#define HAVE_STDIO_H 1
#define HAVE_STDLIB_H 1
#define HAVE_STRING_H 1
#define HAVE_INTTYPES_H 1
#define HAVE_STDINT_H 1
#define HAVE_STRINGS_H 1
#define HAVE_SYS_STAT_H 1
#define HAVE_SYS_TYPES_H 1
#define HAVE_UNISTD_H 1
#define HAVE_WCHAR_H 1
#define STDC_HEADERS 1
#define _ALL_SOURCE 1
#define _DARWIN_C_SOURCE 1
#define _GNU_SOURCE 1
#define _HPUX_ALT_XOPEN_SOCKET_API 1
#define _NETBSD_SOURCE 1
#define _OPENBSD_SOURCE 1
#define _POSIX_PTHREAD_SEMANTICS 1
#define __STDC_WANT_IEC_60559_ATTRIBS_EXT__ 1
#define __STDC_WANT_IEC_60559_BFP_EXT__ 1
#define __STDC_WANT_IEC_60559_DFP_EXT__ 1
#define __STDC_WANT_IEC_60559_FUNCS_EXT__ 1
#define __STDC_WANT_IEC_60559_TYPES_EXT__ 1
#define __STDC_WANT_LIB_EXT2__ 1
#define __STDC_WANT_MATH_SPEC_FUNCS__ 1
#define _TANDEM_SOURCE 1
#define __EXTENSIONS__ 1
#define HAVE_DLFCN_H 1
#define LT_OBJDIR ".libs/"
#define RNNOISE_BUILD /**/
#define SUPPORT_ATTRIBUTE_VISIBILITY_DEFAULT 1
#define SUPPORT_FLAG_VISIBILITY 1

configure: exit 0

## ---------------------- ##
## Running config.status. ##
## ---------------------- ##

This file was extended by rnnoise config.status unknown, which was
generated by GNU Autoconf 2.71.  Invocation command line was

  CONFIG_FILES    = 
  CONFIG_HEADERS  = 
  CONFIG_LINKS    = 
  CONFIG_COMMANDS = 
  $ ./config.status 

on kotech

config.status:1113: creating Makefile
config.status:1113: creating rnnoise.pc
config.status:1113: creating rnnoise-uninstalled.pc
config.status:1113: creating doc/Doxyfile
config.status:1113: creating config.h
config.status:1294: config.h is unchanged
config.status:1342: executing depfiles commands
config.status:1342: executing libtool commands

## ---------------------- ##
## Running config.status. ##
## ---------------------- ##

This file was extended by rnnoise config.status unknown, which was
generated by GNU Autoconf 2.71.  Invocation command line was

  CONFIG_FILES    = 
  CONFIG_HEADERS  = 
  CONFIG_LINKS    = 
  CONFIG_COMMANDS = 
  $ ./config.status config.h

on kotech

config.status:1113: creating config.h
config.status:1294: config.h is unchanged
